This file contains any messages produced by compilers while
running configure, to aid debugging if configure makes a mistake.

It was created by notify-osd configure 0.9.34, which was
generated by GNU Autoconf 2.68.  Invocation command line was

  $ ./configure 

## --------- ##
## Platform. ##
## --------- ##

hostname = jackubuntu
uname -m = i686
uname -r = 3.5.0-19-generic
uname -s = Linux
uname -v = #30-Ubuntu SMP Tue Nov 13 17:49:53 UTC 2012

/usr/bin/uname -p = unknown
/bin/uname -X     = unknown

/bin/arch              = unknown
/usr/bin/arch -k       = unknown
/usr/convex/getsysinfo = unknown
/usr/bin/hostinfo      = unknown
/bin/machine           = unknown
/usr/bin/oslevel       = unknown
/bin/universe          = unknown

PATH: /home/jack/.rvm/gems/ruby-1.9.3-p327@rails3tutorial/bin
PATH: /home/jack/.rvm/gems/ruby-1.9.3-p327@global/bin
PATH: /home/jack/.rvm/rubies/ruby-1.9.3-p327/bin
PATH: /home/jack/.rvm/bin
PATH: /usr/lib/lightdm/lightdm
PATH: /usr/local/sbin
PATH: /usr/local/bin
PATH: /usr/sbin
PATH: /usr/bin
PATH: /sbin
PATH: /bin
PATH: /usr/games
PATH: /usr/local/games


## ----------- ##
## Core tests. ##
## ----------- ##

configure:2235: checking for a BSD-compatible install
configure:2303: result: /usr/bin/install -c
configure:2314: checking whether build environment is sane
configure:2364: result: yes
configure:2505: checking for a thread-safe mkdir -p
configure:2544: result: /bin/mkdir -p
configure:2557: checking for gawk
configure:2587: result: no
configure:2557: checking for mawk
configure:2573: found /usr/bin/mawk
configure:2584: result: mawk
configure:2595: checking whether make sets $(MAKE)
configure:2617: result: yes
configure:2708: checking whether make supports nested variables
configure:2725: result: yes
configure:2758: checking for style of include used by make
configure:2786: result: GNU
configure:2857: checking for gcc
configure:2873: found /usr/bin/gcc
configure:2884: result: gcc
configure:3113: checking for C compiler version
configure:3122: gcc --version >&5
gcc (Ubuntu/Linaro 4.7.2-2ubuntu1) 4.7.2
Copyright (C) 2012 Free Software Foundation, Inc.
This is free software; see the source for copying conditions.  There is NO
warranty; not even for MERCHANTABILITY or FITNESS FOR A PARTICULAR PURPOSE.

configure:3133: $? = 0
configure:3122: gcc -v >&5
Using built-in specs.
COLLECT_GCC=gcc
COLLECT_LTO_WRAPPER=/usr/lib/gcc/i686-linux-gnu/4.7/lto-wrapper
Target: i686-linux-gnu
Configured with: ../src/configure -v --with-pkgversion='Ubuntu/Linaro 4.7.2-2ubuntu1' --with-bugurl=file:///usr/share/doc/gcc-4.7/README.Bugs --enable-languages=c,c++,go,fortran,objc,obj-c++ --prefix=/usr --program-suffix=-4.7 --enable-shared --enable-linker-build-id --with-system-zlib --libexecdir=/usr/lib --without-included-gettext --enable-threads=posix --with-gxx-include-dir=/usr/include/c++/4.7 --libdir=/usr/lib --enable-nls --with-sysroot=/ --enable-clocale=gnu --enable-libstdcxx-debug --enable-libstdcxx-time=yes --enable-gnu-unique-object --enable-plugin --enable-objc-gc --enable-targets=all --disable-werror --with-arch-32=i686 --with-tune=generic --enable-checking=release --build=i686-linux-gnu --host=i686-linux-gnu --target=i686-linux-gnu
Thread model: posix
gcc version 4.7.2 (Ubuntu/Linaro 4.7.2-2ubuntu1) 
configure:3133: $? = 0
configure:3122: gcc -V >&5
gcc: error: unrecognized command line option '-V'
gcc: fatal error: no input files
compilation terminated.
configure:3133: $? = 4
configure:3122: gcc -qversion >&5
gcc: error: unrecognized command line option '-qversion'
gcc: fatal error: no input files
compilation terminated.
configure:3133: $? = 4
configure:3153: checking whether the C compiler works
configure:3175: gcc    conftest.c  >&5
configure:3179: $? = 0
configure:3227: result: yes
configure:3230: checking for C compiler default output file name
configure:3232: result: a.out
configure:3238: checking for suffix of executables
configure:3245: gcc -o conftest    conftest.c  >&5
configure:3249: $? = 0
configure:3271: result: 
configure:3293: checking whether we are cross compiling
configure:3301: gcc -o conftest    conftest.c  >&5
configure:3305: $? = 0
configure:3312: ./conftest
configure:3316: $? = 0
configure:3331: result: no
configure:3336: checking for suffix of object files
configure:3358: gcc -c   conftest.c >&5
configure:3362: $? = 0
configure:3383: result: o
configure:3387: checking whether we are using the GNU C compiler
configure:3406: gcc -c   conftest.c >&5
configure:3406: $? = 0
configure:3415: result: yes
configure:3424: checking whether gcc accepts -g
configure:3444: gcc -c -g  conftest.c >&5
configure:3444: $? = 0
configure:3485: result: yes
configure:3502: checking for gcc option to accept ISO C89
configure:3566: gcc  -c -g -O2  conftest.c >&5
configure:3566: $? = 0
configure:3579: result: none needed
configure:3601: checking dependency style of gcc
configure:3712: result: gcc3
configure:3762: checking whether gcc understands -Wno-sign-compare
configure:3775: gcc -c -Wall -Wmissing-prototypes -Wnested-externs -Wpointer-arith -g -O2 -Wno-sign-compare  conftest.c >&5
configure:3775: $? = 0
configure:3782: result: yes
configure:3800: checking what warning flags to pass to the C compiler
configure:3802: result: -Wall -Wmissing-prototypes -Wnested-externs -Wpointer-arith -Wno-sign-compare
configure:3813: checking what language compliance flags to pass to the C compiler
configure:3828: result: 
configure:3836: checking whether to enable maintainer-specific portions of Makefiles
configure:3845: result: no
configure:3918: checking build system type
configure:3932: result: i686-pc-linux-gnu
configure:3952: checking host system type
configure:3965: result: i686-pc-linux-gnu
configure:4006: checking how to print strings
configure:4033: result: printf
configure:4054: checking for a sed that does not truncate output
configure:4118: result: /bin/sed
configure:4136: checking for grep that handles long lines and -e
configure:4194: result: /bin/grep
configure:4199: checking for egrep
configure:4261: result: /bin/grep -E
configure:4266: checking for fgrep
configure:4328: result: /bin/grep -F
configure:4363: checking for ld used by gcc
configure:4430: result: /usr/bin/ld
configure:4437: checking if the linker (/usr/bin/ld) is GNU ld
configure:4452: result: yes
configure:4464: checking for BSD- or MS-compatible name lister (nm)
configure:4513: result: /usr/bin/nm -B
configure:4643: checking the name lister (/usr/bin/nm -B) interface
configure:4650: gcc -c -g -O2  conftest.c >&5
configure:4653: /usr/bin/nm -B "conftest.o"
configure:4656: output
00000000 B some_variable
configure:4663: result: BSD nm
configure:4666: checking whether ln -s works
configure:4670: result: yes
configure:4678: checking the maximum length of command line arguments
configure:4808: result: 1572864
configure:4825: checking whether the shell understands some XSI constructs
configure:4835: result: yes
configure:4839: checking whether the shell understands "+="
configure:4845: result: yes
configure:4880: checking how to convert i686-pc-linux-gnu file names to i686-pc-linux-gnu format
configure:4920: result: func_convert_file_noop
configure:4927: checking how to convert i686-pc-linux-gnu file names to toolchain format
configure:4947: result: func_convert_file_noop
configure:4954: checking for /usr/bin/ld option to reload object files
configure:4961: result: -r
configure:5035: checking for objdump
configure:5051: found /usr/bin/objdump
configure:5062: result: objdump
configure:5094: checking how to recognize dependent libraries
configure:5296: result: pass_all
configure:5381: checking for dlltool
configure:5411: result: no
configure:5441: checking how to associate runtime and link libraries
configure:5468: result: printf %s\n
configure:5528: checking for ar
configure:5544: found /usr/bin/ar
configure:5555: result: ar
configure:5592: checking for archiver @FILE support
configure:5609: gcc -c -g -O2  conftest.c >&5
configure:5609: $? = 0
configure:5612: ar cru libconftest.a @conftest.lst >&5
configure:5615: $? = 0
configure:5620: ar cru libconftest.a @conftest.lst >&5
ar: conftest.o: No such file or directory
configure:5623: $? = 1
configure:5635: result: @
configure:5693: checking for strip
configure:5709: found /usr/bin/strip
configure:5720: result: strip
configure:5792: checking for ranlib
configure:5808: found /usr/bin/ranlib
configure:5819: result: ranlib
configure:5921: checking command to parse /usr/bin/nm -B output from gcc object
configure:6041: gcc -c -g -O2  conftest.c >&5
configure:6044: $? = 0
configure:6048: /usr/bin/nm -B conftest.o \| sed -n -e 's/^.*[ ]\([ABCDGIRSTW][ABCDGIRSTW]*\)[ ][ ]*\([_A-Za-z][_A-Za-z0-9]*\)$/\1 \2 \2/p' | sed '/ __gnu_lto/d' \> conftest.nm
configure:6051: $? = 0
configure:6117: gcc -o conftest -g -O2   conftest.c conftstm.o >&5
configure:6120: $? = 0
configure:6158: result: ok
configure:6195: checking for sysroot
configure:6225: result: no
configure:6481: checking for mt
configure:6497: found /bin/mt
configure:6508: result: mt
configure:6531: checking if mt is a manifest tool
configure:6537: mt '-?'
configure:6545: result: no
configure:7187: checking how to run the C preprocessor
configure:7218: gcc -E  conftest.c
configure:7218: $? = 0
configure:7232: gcc -E  conftest.c
conftest.c:11:28: fatal error: ac_nonexistent.h: No such file or directory
compilation terminated.
configure:7232: $? = 1
configure: failed program was:
| /* confdefs.h */
| #define PACKAGE_NAME "notify-osd"
| #define PACKAGE_TARNAME "notify-osd"
| #define PACKAGE_VERSION "0.9.34"
| #define PACKAGE_STRING "notify-osd 0.9.34"
| #define PACKAGE_BUGREPORT "dx-team@canonical.com"
| #define PACKAGE_URL ""
| #define PACKAGE "notify-osd"
| #define VERSION "0.9.34"
| /* end confdefs.h.  */
| #include <ac_nonexistent.h>
configure:7257: result: gcc -E
configure:7277: gcc -E  conftest.c
configure:7277: $? = 0
configure:7291: gcc -E  conftest.c
conftest.c:11:28: fatal error: ac_nonexistent.h: No such file or directory
compilation terminated.
configure:7291: $? = 1
configure: failed program was:
| /* confdefs.h */
| #define PACKAGE_NAME "notify-osd"
| #define PACKAGE_TARNAME "notify-osd"
| #define PACKAGE_VERSION "0.9.34"
| #define PACKAGE_STRING "notify-osd 0.9.34"
| #define PACKAGE_BUGREPORT "dx-team@canonical.com"
| #define PACKAGE_URL ""
| #define PACKAGE "notify-osd"
| #define VERSION "0.9.34"
| /* end confdefs.h.  */
| #include <ac_nonexistent.h>
configure:7320: checking for ANSI C header files
configure:7340: gcc -c -g -O2  conftest.c >&5
configure:7340: $? = 0
configure:7413: gcc -o conftest -g -O2   conftest.c  >&5
configure:7413: $? = 0
configure:7413: ./conftest
configure:7413: $? = 0
configure:7424: result: yes
configure:7437: checking for sys/types.h
configure:7437: gcc -c -g -O2  conftest.c >&5
configure:7437: $? = 0
configure:7437: result: yes
configure:7437: checking for sys/stat.h
configure:7437: gcc -c -g -O2  conftest.c >&5
configure:7437: $? = 0
configure:7437: result: yes
configure:7437: checking for stdlib.h
configure:7437: gcc -c -g -O2  conftest.c >&5
configure:7437: $? = 0
configure:7437: result: yes
configure:7437: checking for string.h
configure:7437: gcc -c -g -O2  conftest.c >&5
configure:7437: $? = 0
configure:7437: result: yes
configure:7437: checking for memory.h
configure:7437: gcc -c -g -O2  conftest.c >&5
configure:7437: $? = 0
configure:7437: result: yes
configure:7437: checking for strings.h
configure:7437: gcc -c -g -O2  conftest.c >&5
configure:7437: $? = 0
configure:7437: result: yes
configure:7437: checking for inttypes.h
configure:7437: gcc -c -g -O2  conftest.c >&5
configure:7437: $? = 0
configure:7437: result: yes
configure:7437: checking for stdint.h
configure:7437: gcc -c -g -O2  conftest.c >&5
configure:7437: $? = 0
configure:7437: result: yes
configure:7437: checking for unistd.h
configure:7437: gcc -c -g -O2  conftest.c >&5
configure:7437: $? = 0
configure:7437: result: yes
configure:7451: checking for dlfcn.h
configure:7451: gcc -c -g -O2  conftest.c >&5
configure:7451: $? = 0
configure:7451: result: yes
configure:7627: checking for objdir
configure:7642: result: .libs
configure:7913: checking if gcc supports -fno-rtti -fno-exceptions
configure:7931: gcc -c -g -O2  -fno-rtti -fno-exceptions conftest.c >&5
cc1: warning: command line option '-fno-rtti' is valid for C++/ObjC++ but not for C [enabled by default]
configure:7935: $? = 0
configure:7948: result: no
configure:8275: checking for gcc option to produce PIC
configure:8282: result: -fPIC -DPIC
configure:8290: checking if gcc PIC flag -fPIC -DPIC works
configure:8308: gcc -c -g -O2  -fPIC -DPIC -DPIC conftest.c >&5
configure:8312: $? = 0
configure:8325: result: yes
configure:8354: checking if gcc static flag -static works
configure:8382: result: yes
configure:8397: checking if gcc supports -c -o file.o
configure:8418: gcc -c -g -O2  -o out/conftest2.o conftest.c >&5
configure:8422: $? = 0
configure:8444: result: yes
configure:8452: checking if gcc supports -c -o file.o
configure:8499: result: yes
configure:8532: checking whether the gcc linker (/usr/bin/ld) supports shared libraries
configure:9689: result: yes
configure:9726: checking whether -lc should be explicitly linked in
configure:9734: gcc -c -g -O2  conftest.c >&5
configure:9737: $? = 0
configure:9752: gcc -shared  -fPIC -DPIC conftest.o  -v -Wl,-soname -Wl,conftest -o conftest 2\>\&1 \| /bin/grep  -lc  \>/dev/null 2\>\&1
configure:9755: $? = 0
configure:9769: result: no
configure:9929: checking dynamic linker characteristics
configure:10440: gcc -o conftest -g -O2   -Wl,-rpath -Wl,/foo conftest.c  >&5
configure:10440: $? = 0
configure:10674: result: GNU/Linux ld.so
configure:10781: checking how to hardcode library paths into programs
configure:10806: result: immediate
configure:11346: checking whether stripping libraries is possible
configure:11351: result: yes
configure:11386: checking if libtool supports shared libraries
configure:11388: result: yes
configure:11391: checking whether to build shared libraries
configure:11412: result: yes
configure:11415: checking whether to build static libraries
configure:11419: result: no
configure:11506: checking for gcc
configure:11533: result: gcc
configure:11762: checking for C compiler version
configure:11771: gcc --version >&5
gcc (Ubuntu/Linaro 4.7.2-2ubuntu1) 4.7.2
Copyright (C) 2012 Free Software Foundation, Inc.
This is free software; see the source for copying conditions.  There is NO
warranty; not even for MERCHANTABILITY or FITNESS FOR A PARTICULAR PURPOSE.

configure:11782: $? = 0
configure:11771: gcc -v >&5
Using built-in specs.
COLLECT_GCC=gcc
COLLECT_LTO_WRAPPER=/usr/lib/gcc/i686-linux-gnu/4.7/lto-wrapper
Target: i686-linux-gnu
Configured with: ../src/configure -v --with-pkgversion='Ubuntu/Linaro 4.7.2-2ubuntu1' --with-bugurl=file:///usr/share/doc/gcc-4.7/README.Bugs --enable-languages=c,c++,go,fortran,objc,obj-c++ --prefix=/usr --program-suffix=-4.7 --enable-shared --enable-linker-build-id --with-system-zlib --libexecdir=/usr/lib --without-included-gettext --enable-threads=posix --with-gxx-include-dir=/usr/include/c++/4.7 --libdir=/usr/lib --enable-nls --with-sysroot=/ --enable-clocale=gnu --enable-libstdcxx-debug --enable-libstdcxx-time=yes --enable-gnu-unique-object --enable-plugin --enable-objc-gc --enable-targets=all --disable-werror --with-arch-32=i686 --with-tune=generic --enable-checking=release --build=i686-linux-gnu --host=i686-linux-gnu --target=i686-linux-gnu
Thread model: posix
gcc version 4.7.2 (Ubuntu/Linaro 4.7.2-2ubuntu1) 
configure:11782: $? = 0
configure:11771: gcc -V >&5
gcc: error: unrecognized command line option '-V'
gcc: fatal error: no input files
compilation terminated.
configure:11782: $? = 4
configure:11771: gcc -qversion >&5
gcc: error: unrecognized command line option '-qversion'
gcc: fatal error: no input files
compilation terminated.
configure:11782: $? = 4
configure:11786: checking whether we are using the GNU C compiler
configure:11814: result: yes
configure:11823: checking whether gcc accepts -g
configure:11884: result: yes
configure:11901: checking for gcc option to accept ISO C89
configure:11978: result: none needed
configure:12000: checking dependency style of gcc
configure:12111: result: gcc3
configure:12126: checking for gcc option to accept ISO C99
configure:12275: gcc  -c -g -O2  conftest.c >&5
conftest.c:73:29: error: expected ';', ',' or ')' before 'text'
conftest.c: In function 'main':
conftest.c:127:18: error: expected '=', ',', ';', 'asm' or '__attribute__' before 'newvar'
conftest.c:127:18: error: 'newvar' undeclared (first use in this function)
conftest.c:127:18: note: each undeclared identifier is reported only once for each function it appears in
conftest.c:137:3: error: 'for' loop initial declarations are only allowed in C99 mode
conftest.c:137:3: note: use option -std=c99 or -std=gnu99 to compile your code
configure:12275: $? = 1
configure: failed program was:
| /* confdefs.h */
| #define PACKAGE_NAME "notify-osd"
| #define PACKAGE_TARNAME "notify-osd"
| #define PACKAGE_VERSION "0.9.34"
| #define PACKAGE_STRING "notify-osd 0.9.34"
| #define PACKAGE_BUGREPORT "dx-team@canonical.com"
| #define PACKAGE_URL ""
| #define PACKAGE "notify-osd"
| #define VERSION "0.9.34"
| #define STDC_HEADERS 1
| #define HAVE_SYS_TYPES_H 1
| #define HAVE_SYS_STAT_H 1
| #define HAVE_STDLIB_H 1
| #define HAVE_STRING_H 1
| #define HAVE_MEMORY_H 1
| #define HAVE_STRINGS_H 1
| #define HAVE_INTTYPES_H 1
| #define HAVE_STDINT_H 1
| #define HAVE_UNISTD_H 1
| #define HAVE_DLFCN_H 1
| #define LT_OBJDIR ".libs/"
| /* end confdefs.h.  */
| #include <stdarg.h>
| #include <stdbool.h>
| #include <stdlib.h>
| #include <wchar.h>
| #include <stdio.h>
| 
| // Check varargs macros.  These examples are taken from C99 6.10.3.5.
| #define debug(...) fprintf (stderr, __VA_ARGS__)
| #define showlist(...) puts (#__VA_ARGS__)
| #define report(test,...) ((test) ? puts (#test) : printf (__VA_ARGS__))
| static void
| test_varargs_macros (void)
| {
|   int x = 1234;
|   int y = 5678;
|   debug ("Flag");
|   debug ("X = %d\n", x);
|   showlist (The first, second, and third items.);
|   report (x>y, "x is %d but y is %d", x, y);
| }
| 
| // Check long long types.
| #define BIG64 18446744073709551615ull
| #define BIG32 4294967295ul
| #define BIG_OK (BIG64 / BIG32 == 4294967297ull && BIG64 % BIG32 == 0)
| #if !BIG_OK
|   your preprocessor is broken;
| #endif
| #if BIG_OK
| #else
|   your preprocessor is broken;
| #endif
| static long long int bignum = -9223372036854775807LL;
| static unsigned long long int ubignum = BIG64;
| 
| struct incomplete_array
| {
|   int datasize;
|   double data[];
| };
| 
| struct named_init {
|   int number;
|   const wchar_t *name;
|   double average;
| };
| 
| typedef const char *ccp;
| 
| static inline int
| test_restrict (ccp restrict text)
| {
|   // See if C++-style comments work.
|   // Iterate through items via the restricted pointer.
|   // Also check for declarations in for loops.
|   for (unsigned int i = 0; *(text+i) != '\0'; ++i)
|     continue;
|   return 0;
| }
| 
| // Check varargs and va_copy.
| static void
| test_varargs (const char *format, ...)
| {
|   va_list args;
|   va_start (args, format);
|   va_list args_copy;
|   va_copy (args_copy, args);
| 
|   const char *str;
|   int number;
|   float fnumber;
| 
|   while (*format)
|     {
|       switch (*format++)
| 	{
| 	case 's': // string
| 	  str = va_arg (args_copy, const char *);
| 	  break;
| 	case 'd': // int
| 	  number = va_arg (args_copy, int);
| 	  break;
| 	case 'f': // float
| 	  fnumber = va_arg (args_copy, double);
| 	  break;
| 	default:
| 	  break;
| 	}
|     }
|   va_end (args_copy);
|   va_end (args);
| }
| 
| int
| main ()
| {
| 
|   // Check bool.
|   _Bool success = false;
| 
|   // Check restrict.
|   if (test_restrict ("String literal") == 0)
|     success = true;
|   char *restrict newvar = "Another string";
| 
|   // Check varargs.
|   test_varargs ("s, d' f .", "string", 65, 34.234);
|   test_varargs_macros ();
| 
|   // Check flexible array members.
|   struct incomplete_array *ia =
|     malloc (sizeof (struct incomplete_array) + (sizeof (double) * 10));
|   ia->datasize = 10;
|   for (int i = 0; i < ia->datasize; ++i)
|     ia->data[i] = i * 1.234;
| 
|   // Check named initializers.
|   struct named_init ni = {
|     .number = 34,
|     .name = L"Test wide string",
|     .average = 543.34343,
|   };
| 
|   ni.number = 58;
| 
|   int dynamic_array[ni.number];
|   dynamic_array[ni.number - 1] = 543;
| 
|   // work around unused variable warnings
|   return (!success || bignum == 0LL || ubignum == 0uLL || newvar[0] == 'x'
| 	  || dynamic_array[ni.number - 1] != 543);
| 
|   ;
|   return 0;
| }
configure:12275: gcc -std=gnu99 -c -g -O2  conftest.c >&5
configure:12275: $? = 0
configure:12295: result: -std=gnu99
configure:12304: checking whether gcc -std=gnu99 and cc understand -c and -o together
configure:12335: gcc -std=gnu99 -c conftest.c -o conftest2.o >&5
configure:12339: $? = 0
configure:12345: gcc -std=gnu99 -c conftest.c -o conftest2.o >&5
configure:12349: $? = 0
configure:12360: cc -c conftest.c >&5
configure:12364: $? = 0
configure:12372: cc -c conftest.c -o conftest2.o >&5
configure:12376: $? = 0
configure:12382: cc -c conftest.c -o conftest2.o >&5
configure:12386: $? = 0
configure:12404: result: yes
configure:12488: checking for pkg-config
configure:12506: found /usr/bin/pkg-config
configure:12518: result: /usr/bin/pkg-config
configure:12543: checking pkg-config is at least version 0.9.0
configure:12546: result: yes
configure:12624: checking for pkg-config
configure:12654: result: /usr/bin/pkg-config
configure:12679: checking pkg-config is at least version 0.16
configure:12682: result: yes
configure:12738: error: glib-compile-schemas not found.

## ---------------- ##
## Cache variables. ##
## ---------------- ##

ac_cv_build=i686-pc-linux-gnu
ac_cv_c_compiler_gnu=yes
ac_cv_env_CC_set=
ac_cv_env_CC_value=
ac_cv_env_CFLAGS_set=
ac_cv_env_CFLAGS_value=
ac_cv_env_CPPFLAGS_set=
ac_cv_env_CPPFLAGS_value=
ac_cv_env_CPP_set=
ac_cv_env_CPP_value=
ac_cv_env_DBUS_CFLAGS_set=
ac_cv_env_DBUS_CFLAGS_value=
ac_cv_env_DBUS_LIBS_set=
ac_cv_env_DBUS_LIBS_value=
ac_cv_env_GLIB_CFLAGS_set=
ac_cv_env_GLIB_CFLAGS_value=
ac_cv_env_GLIB_LIBS_set=
ac_cv_env_GLIB_LIBS_value=
ac_cv_env_LDFLAGS_set=
ac_cv_env_LDFLAGS_value=
ac_cv_env_LIBNOTIFY_CFLAGS_set=
ac_cv_env_LIBNOTIFY_CFLAGS_value=
ac_cv_env_LIBNOTIFY_LIBS_set=
ac_cv_env_LIBNOTIFY_LIBS_value=
ac_cv_env_LIBS_set=
ac_cv_env_LIBS_value=
ac_cv_env_NOTIFY_OSD_CFLAGS_set=
ac_cv_env_NOTIFY_OSD_CFLAGS_value=
ac_cv_env_NOTIFY_OSD_LIBS_set=
ac_cv_env_NOTIFY_OSD_LIBS_value=
ac_cv_env_PKG_CONFIG_LIBDIR_set=
ac_cv_env_PKG_CONFIG_LIBDIR_value=
ac_cv_env_PKG_CONFIG_PATH_set=
ac_cv_env_PKG_CONFIG_PATH_value=
ac_cv_env_PKG_CONFIG_set=
ac_cv_env_PKG_CONFIG_value=
ac_cv_env_WNCK_CFLAGS_set=
ac_cv_env_WNCK_CFLAGS_value=
ac_cv_env_WNCK_LIBS_set=
ac_cv_env_WNCK_LIBS_value=
ac_cv_env_X_CFLAGS_set=
ac_cv_env_X_CFLAGS_value=
ac_cv_env_X_LIBS_set=
ac_cv_env_X_LIBS_value=
ac_cv_env_build_alias_set=
ac_cv_env_build_alias_value=
ac_cv_env_host_alias_set=
ac_cv_env_host_alias_value=
ac_cv_env_target_alias_set=
ac_cv_env_target_alias_value=
ac_cv_header_dlfcn_h=yes
ac_cv_header_inttypes_h=yes
ac_cv_header_memory_h=yes
ac_cv_header_stdc=yes
ac_cv_header_stdint_h=yes
ac_cv_header_stdlib_h=yes
ac_cv_header_string_h=yes
ac_cv_header_strings_h=yes
ac_cv_header_sys_stat_h=yes
ac_cv_header_sys_types_h=yes
ac_cv_header_unistd_h=yes
ac_cv_host=i686-pc-linux-gnu
ac_cv_objext=o
ac_cv_path_EGREP='/bin/grep -E'
ac_cv_path_FGREP='/bin/grep -F'
ac_cv_path_GREP=/bin/grep
ac_cv_path_SED=/bin/sed
ac_cv_path_ac_pt_PKG_CONFIG=/usr/bin/pkg-config
ac_cv_path_install='/usr/bin/install -c'
ac_cv_path_mkdir=/bin/mkdir
ac_cv_prog_AWK=mawk
ac_cv_prog_CPP='gcc -E'
ac_cv_prog_ac_ct_AR=ar
ac_cv_prog_ac_ct_CC=gcc
ac_cv_prog_ac_ct_MANIFEST_TOOL=mt
ac_cv_prog_ac_ct_OBJDUMP=objdump
ac_cv_prog_ac_ct_RANLIB=ranlib
ac_cv_prog_ac_ct_STRIP=strip
ac_cv_prog_cc_c89=
ac_cv_prog_cc_c99=-std=gnu99
ac_cv_prog_cc_g=yes
ac_cv_prog_cc_gcc_c_o=yes
ac_cv_prog_make_make_set=yes
am_cv_CC_dependencies_compiler_type=gcc3
am_cv_make_support_nested_variables=yes
lt_cv_ar_at_file=@
lt_cv_archive_cmds_need_lc=no
lt_cv_deplibs_check_method=pass_all
lt_cv_file_magic_cmd='$MAGIC_CMD'
lt_cv_file_magic_test_file=
lt_cv_ld_reload_flag=-r
lt_cv_nm_interface='BSD nm'
lt_cv_objdir=.libs
lt_cv_path_LD=/usr/bin/ld
lt_cv_path_NM='/usr/bin/nm -B'
lt_cv_path_mainfest_tool=no
lt_cv_prog_compiler_c_o=yes
lt_cv_prog_compiler_pic='-fPIC -DPIC'
lt_cv_prog_compiler_pic_works=yes
lt_cv_prog_compiler_rtti_exceptions=no
lt_cv_prog_compiler_static_works=yes
lt_cv_prog_gnu_ld=yes
lt_cv_sharedlib_from_linklib_cmd='printf %s\n'
lt_cv_shlibpath_overrides_runpath=no
lt_cv_sys_global_symbol_pipe='sed -n -e '\''s/^.*[	 ]\([ABCDGIRSTW][ABCDGIRSTW]*\)[	 ][	 ]*\([_A-Za-z][_A-Za-z0-9]*\)$/\1 \2 \2/p'\'' | sed '\''/ __gnu_lto/d'\'''
lt_cv_sys_global_symbol_to_c_name_address='sed -n -e '\''s/^: \([^ ]*\)[ ]*$/  {\"\1\", (void *) 0},/p'\'' -e '\''s/^[ABCDGIRSTW]* \([^ ]*\) \([^ ]*\)$/  {"\2", (void *) \&\2},/p'\'''
lt_cv_sys_global_symbol_to_c_name_address_lib_prefix='sed -n -e '\''s/^: \([^ ]*\)[ ]*$/  {\"\1\", (void *) 0},/p'\'' -e '\''s/^[ABCDGIRSTW]* \([^ ]*\) \(lib[^ ]*\)$/  {"\2", (void *) \&\2},/p'\'' -e '\''s/^[ABCDGIRSTW]* \([^ ]*\) \([^ ]*\)$/  {"lib\2", (void *) \&\2},/p'\'''
lt_cv_sys_global_symbol_to_cdecl='sed -n -e '\''s/^T .* \(.*\)$/extern int \1();/p'\'' -e '\''s/^[ABCDGIRSTW]* .* \(.*\)$/extern char \1;/p'\'''
lt_cv_sys_max_cmd_len=1572864
lt_cv_to_host_file_cmd=func_convert_file_noop
lt_cv_to_tool_file_cmd=func_convert_file_noop

## ----------------- ##
## Output variables. ##
## ----------------- ##

ACLOCAL='${SHELL} /home/jack/rails_projects/sample_app/notify-osd-0.9.34/missing --run aclocal-1.11'
ACLOCAL_AMFLAGS=' -I m4'
AMDEPBACKSLASH='\'
AMDEP_FALSE='#'
AMDEP_TRUE=''
AMTAR='$${TAR-tar}'
AM_BACKSLASH='\'
AM_DEFAULT_V='$(AM_DEFAULT_VERBOSITY)'
AM_DEFAULT_VERBOSITY='0'
AM_V='$(V)'
AR='ar'
AUTOCONF='${SHELL} /home/jack/rails_projects/sample_app/notify-osd-0.9.34/missing --run autoconf'
AUTOHEADER='${SHELL} /home/jack/rails_projects/sample_app/notify-osd-0.9.34/missing --run autoheader'
AUTOMAKE='${SHELL} /home/jack/rails_projects/sample_app/notify-osd-0.9.34/missing --run automake-1.11'
AWK='mawk'
BUILD_C_EXAMPLES_FALSE=''
BUILD_C_EXAMPLES_TRUE=''
BUILD_MONO_EXAMPLES_FALSE=''
BUILD_MONO_EXAMPLES_TRUE=''
CC='gcc -std=gnu99'
CCDEPMODE='depmode=gcc3'
CFLAGS='-g -O2'
CPP='gcc -E'
CPPFLAGS=''
CYGPATH_W='echo'
DBUS_CFLAGS=''
DBUS_GLIB_BIN=''
DBUS_LIBS=''
DEFS=''
DEPDIR='.deps'
DLLTOOL='false'
DSYMUTIL=''
DUMPBIN=''
ECHO_C=''
ECHO_N='-n'
ECHO_T=''
EGREP='/bin/grep -E'
EXEEXT=''
FGREP='/bin/grep -F'
GLIB_CFLAGS=''
GLIB_COMPILE_SCHEMAS=''
GLIB_LIBS=''
GMCS=''
GREP='/bin/grep'
GSETTINGS_DISABLE_SCHEMAS_COMPILE=''
GSETTINGS_RULES=''
GTK_CFLAGS=''
GTK_LIBS=''
INSTALL_DATA='${INSTALL} -m 644'
INSTALL_PROGRAM='${INSTALL}'
INSTALL_SCRIPT='${INSTALL}'
INSTALL_STRIP_PROGRAM='$(install_sh) -c -s'
LD='/usr/bin/ld'
LDFLAGS=''
LIBM=''
LIBNOTIFY_CFLAGS=''
LIBNOTIFY_LIBS=''
LIBOBJS=''
LIBS=''
LIBTOOL='$(SHELL) $(top_builddir)/libtool'
LIPO=''
LN_S='ln -s'
LTLIBOBJS=''
MAINT='#'
MAINTAINER_MODE_FALSE=''
MAINTAINER_MODE_TRUE='#'
MAKEINFO='${SHELL} /home/jack/rails_projects/sample_app/notify-osd-0.9.34/missing --run makeinfo'
MANIFEST_TOOL=':'
MKDIR_P='/bin/mkdir -p'
NM='/usr/bin/nm -B'
NMEDIT=''
NOTIFY_OSD_CFLAGS=''
NOTIFY_OSD_LIBS=''
OBJDUMP='objdump'
OBJEXT='o'
OTOOL64=''
OTOOL=''
PACKAGE='notify-osd'
PACKAGE_BUGREPORT='dx-team@canonical.com'
PACKAGE_NAME='notify-osd'
PACKAGE_STRING='notify-osd 0.9.34'
PACKAGE_TARNAME='notify-osd'
PACKAGE_URL=''
PACKAGE_VERSION='0.9.34'
PATH_SEPARATOR=':'
PKG_CONFIG='/usr/bin/pkg-config'
PKG_CONFIG_LIBDIR=''
PKG_CONFIG_PATH=''
RANLIB='ranlib'
SED='/bin/sed'
SET_MAKE=''
SHELL='/bin/bash'
STRIP='strip'
VERSION='0.9.34'
WARN_CFLAGS='-Wall -Wmissing-prototypes -Wnested-externs -Wpointer-arith -Wno-sign-compare '
WNCK_CFLAGS=''
WNCK_LIBS=''
X_CFLAGS=''
X_LIBS=''
ac_ct_AR='ar'
ac_ct_CC='gcc'
ac_ct_DUMPBIN=''
am__EXEEXT_FALSE=''
am__EXEEXT_TRUE=''
am__fastdepCC_FALSE='#'
am__fastdepCC_TRUE=''
am__include='include'
am__isrc=''
am__leading_dot='.'
am__nodep='_no'
am__quote=''
am__tar='$${TAR-tar} chof - "$$tardir"'
am__untar='$${TAR-tar} xf -'
bindir='${exec_prefix}/bin'
build='i686-pc-linux-gnu'
build_alias=''
build_cpu='i686'
build_os='linux-gnu'
build_vendor='pc'
datadir='${datarootdir}'
datarootdir='${prefix}/share'
docdir='${datarootdir}/doc/${PACKAGE_TARNAME}'
dvidir='${docdir}'
exec_prefix='NONE'
gsettingsschemadir='${datarootdir}/glib-2.0/schemas'
host='i686-pc-linux-gnu'
host_alias=''
host_cpu='i686'
host_os='linux-gnu'
host_vendor='pc'
htmldir='${docdir}'
includedir='${prefix}/include'
infodir='${datarootdir}/info'
install_sh='${SHELL} /home/jack/rails_projects/sample_app/notify-osd-0.9.34/install-sh'
libdir='${exec_prefix}/lib'
libexecdir='${exec_prefix}/libexec'
localedir='${datarootdir}/locale'
localstatedir='${prefix}/var'
mandir='${datarootdir}/man'
mkdir_p='/bin/mkdir -p'
oldincludedir='/usr/include'
pdfdir='${docdir}'
prefix='NONE'
program_transform_name='s,x,x,'
psdir='${docdir}'
sbindir='${exec_prefix}/sbin'
sharedstatedir='${prefix}/com'
sysconfdir='${prefix}/etc'
target_alias=''

## ----------- ##
## confdefs.h. ##
## ----------- ##

/* confdefs.h */
#define PACKAGE_NAME "notify-osd"
#define PACKAGE_TARNAME "notify-osd"
#define PACKAGE_VERSION "0.9.34"
#define PACKAGE_STRING "notify-osd 0.9.34"
#define PACKAGE_BUGREPORT "dx-team@canonical.com"
#define PACKAGE_URL ""
#define PACKAGE "notify-osd"
#define VERSION "0.9.34"
#define STDC_HEADERS 1
#define HAVE_SYS_TYPES_H 1
#define HAVE_SYS_STAT_H 1
#define HAVE_STDLIB_H 1
#define HAVE_STRING_H 1
#define HAVE_MEMORY_H 1
#define HAVE_STRINGS_H 1
#define HAVE_INTTYPES_H 1
#define HAVE_STDINT_H 1
#define HAVE_UNISTD_H 1
#define HAVE_DLFCN_H 1
#define LT_OBJDIR ".libs/"

configure: exit 1
